# JRE version: OpenJDK Runtime Environment Temurin-21.0.7+6 (21.0.7+6) (build 21.0.7+6-LTS)
# Java VM: OpenJDK 64-Bit Server VM Temurin-21.0.7+6 (21.0.7+6-LTS, mixed mode, sharing, tiered, compressed oops, compressed class ptrs, parallel gc, windows-amd64)
GC Precious Log:
 CardTable entry size: 512
 CPUs: 12 total, 12 available
 Memory: 7830M
 Large Page Support: Disabled
 NUMA Support: Disabled
 Compressed Oops: Enabled (32-bit)
 Alignments: Space 512K, Generation 512K, Heap 2M
 Heap Min Capacity: 100M
 Heap Initial Capacity: 100M
 Heap Max Capacity: 2G
 Pre-touch: Disabled
 Parallel Workers: 10
Heap:
 PSYoungGen      total 5120K, used 1624K [0x00000000d5580000, 0x00000000d5b80000, 0x0000000100000000)
  eden space 4096K, 22% used [0x00000000d5580000,0x00000000d5666298,0x00000000d5980000)
  from space 1024K, 68% used [0x00000000d5980000,0x00000000d5a30000,0x00000000d5a80000)
  to   space 1024K, 0% used [0x00000000d5a80000,0x00000000d5a80000,0x00000000d5b80000)
 ParOldGen       total 488448K, used 488273K [0x0000000080000000, 0x000000009dd00000, 0x00000000d5580000)
  object space 488448K, 99% used [0x0000000080000000,0x000000009dcd4418,0x000000009dd00000)
 Metaspace       used 57049K, committed 58368K, reserved 1114112K
  class space    used 6075K, committed 6656K, reserved 1048576K
GC Heap History (20 events):
Event: 52.918 GC heap after
{Heap after GC invocations=551 (full 2):
 PSYoungGen      total 3072K, used 448K [0x00000000d5580000, 0x00000000d5980000, 0x0000000100000000)
  eden space 2560K, 0% used [0x00000000d5580000,0x00000000d5580000,0x00000000d5800000)
  from space 512K, 87% used [0x00000000d5880000,0x00000000d58f0010,0x00000000d5900000)
  to   space 512K, 0% used [0x00000000d5900000,0x00000000d5900000,0x00000000d5980000)
 ParOldGen       total 483328K, used 483034K [0x0000000080000000, 0x000000009d800000, 0x00000000d5580000)
  object space 483328K, 99% used [0x0000000080000000,0x000000009d7b6b58,0x000000009d800000)
 Metaspace       used 56905K, committed 58176K, reserved 1114112K
  class space    used 6040K, committed 6592K, reserved 1048576K
}
Event: 52.934 GC heap before
{Heap before GC invocations=552 (full 2):
 PSYoungGen      total 3072K, used 3008K [0x00000000d5580000, 0x00000000d5980000, 0x0000000100000000)
  eden space 2560K, 100% used [0x00000000d5580000,0x00000000d5800000,0x00000000d5800000)
  from space 512K, 87% used [0x00000000d5880000,0x00000000d58f0010,0x00000000d5900000)
  to   space 512K, 0% used [0x00000000d5900000,0x00000000d5900000,0x00000000d5980000)
 ParOldGen       total 483328K, used 483034K [0x0000000080000000, 0x000000009d800000, 0x00000000d5580000)
  object space 483328K, 99% used [0x0000000080000000,0x000000009d7b6b58,0x000000009d800000)
 Metaspace       used 56916K, committed 58176K, reserved 1114112K
  class space    used 6042K, committed 6592K, reserved 1048576K
}
Event: 52.938 GC heap after
{Heap after GC invocations=552 (full 2):
 PSYoungGen      total 3072K, used 448K [0x00000000d5580000, 0x00000000d5980000, 0x0000000100000000)
  eden space 2560K, 0% used [0x00000000d5580000,0x00000000d5580000,0x00000000d5800000)
  from space 512K, 87% used [0x00000000d5900000,0x00000000d5970010,0x00000000d5980000)
  to   space 512K, 0% used [0x00000000d5880000,0x00000000d5880000,0x00000000d5900000)
 ParOldGen       total 483328K, used 483282K [0x0000000080000000, 0x000000009d800000, 0x00000000d5580000)
  object space 483328K, 99% used [0x0000000080000000,0x000000009d7f4b58,0x000000009d800000)
 Metaspace       used 56916K, committed 58176K, reserved 1114112K
  class space    used 6042K, committed 6592K, reserved 1048576K
}
Event: 52.979 GC heap before
{Heap before GC invocations=553 (full 2):
 PSYoungGen      total 3072K, used 3008K [0x00000000d5580000, 0x00000000d5980000, 0x0000000100000000)
  eden space 2560K, 100% used [0x00000000d5580000,0x00000000d5800000,0x00000000d5800000)
  from space 512K, 87% used [0x00000000d5900000,0x00000000d5970010,0x00000000d5980000)
  to   space 512K, 0% used [0x00000000d5880000,0x00000000d5880000,0x00000000d5900000)
 ParOldGen       total 483328K, used 483282K [0x0000000080000000, 0x000000009d800000, 0x00000000d5580000)
  object space 483328K, 99% used [0x0000000080000000,0x000000009d7f4b58,0x000000009d800000)
 Metaspace       used 56939K, committed 58176K, reserved 1114112K
  class space    used 6044K, committed 6592K, reserved 1048576K
}
Event: 52.982 GC heap after
{Heap after GC invocations=553 (full 2):
 PSYoungGen      total 3072K, used 507K [0x00000000d5580000, 0x00000000d5b00000, 0x0000000100000000)
  eden space 2560K, 0% used [0x00000000d5580000,0x00000000d5580000,0x00000000d5800000)
  from space 512K, 99% used [0x00000000d5880000,0x00000000d58fec28,0x00000000d5900000)
  to   space 1536K, 0% used [0x00000000d5980000,0x00000000d5980000,0x00000000d5b00000)
 ParOldGen       total 483840K, used 483778K [0x0000000080000000, 0x000000009d880000, 0x00000000d5580000)
  object space 483840K, 99% used [0x0000000080000000,0x000000009d870b58,0x000000009d880000)
 Metaspace       used 56939K, committed 58176K, reserved 1114112K
  class space    used 6044K, committed 6592K, reserved 1048576K
}
Event: 53.025 GC heap before
{Heap before GC invocations=554 (full 2):
 PSYoungGen      total 3072K, used 3067K [0x00000000d5580000, 0x00000000d5b00000, 0x0000000100000000)
  eden space 2560K, 100% used [0x00000000d5580000,0x00000000d5800000,0x00000000d5800000)
  from space 512K, 99% used [0x00000000d5880000,0x00000000d58fec28,0x00000000d5900000)
  to   space 1536K, 0% used [0x00000000d5980000,0x00000000d5980000,0x00000000d5b00000)
 ParOldGen       total 483840K, used 483778K [0x0000000080000000, 0x000000009d880000, 0x00000000d5580000)
  object space 483840K, 99% used [0x0000000080000000,0x000000009d870b58,0x000000009d880000)
 Metaspace       used 56964K, committed 58240K, reserved 1114112K
  class space    used 6046K, committed 6592K, reserved 1048576K
}
Event: 53.027 GC heap after
{Heap after GC invocations=554 (full 2):
 PSYoungGen      total 3072K, used 382K [0x00000000d5580000, 0x00000000d5a00000, 0x0000000100000000)
  eden space 2560K, 0% used [0x00000000d5580000,0x00000000d5580000,0x00000000d5800000)
  from space 512K, 74% used [0x00000000d5980000,0x00000000d59df8b0,0x00000000d5a00000)
  to   space 1024K, 0% used [0x00000000d5800000,0x00000000d5800000,0x00000000d5900000)
 ParOldGen       total 484352K, used 484254K [0x0000000080000000, 0x000000009d900000, 0x00000000d5580000)
  object space 484352K, 99% used [0x0000000080000000,0x000000009d8e7bf8,0x000000009d900000)
 Metaspace       used 56964K, committed 58240K, reserved 1114112K
  class space    used 6046K, committed 6592K, reserved 1048576K
}
Event: 53.043 GC heap before
{Heap before GC invocations=555 (full 2):
 PSYoungGen      total 3072K, used 2942K [0x00000000d5580000, 0x00000000d5a00000, 0x0000000100000000)
  eden space 2560K, 100% used [0x00000000d5580000,0x00000000d5800000,0x00000000d5800000)
  from space 512K, 74% used [0x00000000d5980000,0x00000000d59df8b0,0x00000000d5a00000)
  to   space 1024K, 0% used [0x00000000d5800000,0x00000000d5800000,0x00000000d5900000)
 ParOldGen       total 484352K, used 484254K [0x0000000080000000, 0x000000009d900000, 0x00000000d5580000)
  object space 484352K, 99% used [0x0000000080000000,0x000000009d8e7bf8,0x000000009d900000)
 Metaspace       used 56983K, committed 58240K, reserved 1114112K
  class space    used 6048K, committed 6592K, reserved 1048576K
}
Event: 53.045 GC heap after
{Heap after GC invocations=555 (full 2):
 PSYoungGen      total 3584K, used 320K [0x00000000d5580000, 0x00000000d5a00000, 0x0000000100000000)
  eden space 2560K, 0% used [0x00000000d5580000,0x00000000d5580000,0x00000000d5800000)
  from space 1024K, 31% used [0x00000000d5800000,0x00000000d5850000,0x00000000d5900000)
  to   space 512K, 0% used [0x00000000d5980000,0x00000000d5980000,0x00000000d5a00000)
 ParOldGen       total 484864K, used 484470K [0x0000000080000000, 0x000000009d980000, 0x00000000d5580000)
  object space 484864K, 99% used [0x0000000080000000,0x000000009d91dbf8,0x000000009d980000)
 Metaspace       used 56983K, committed 58240K, reserved 1114112K
  class space    used 6048K, committed 6592K, reserved 1048576K
}
Event: 53.071 GC heap before
{Heap before GC invocations=556 (full 2):
 PSYoungGen      total 3584K, used 2880K [0x00000000d5580000, 0x00000000d5a00000, 0x0000000100000000)
  eden space 2560K, 100% used [0x00000000d5580000,0x00000000d5800000,0x00000000d5800000)
  from space 1024K, 31% used [0x00000000d5800000,0x00000000d5850000,0x00000000d5900000)
  to   space 512K, 0% used [0x00000000d5980000,0x00000000d5980000,0x00000000d5a00000)
 ParOldGen       total 484864K, used 484470K [0x0000000080000000, 0x000000009d980000, 0x00000000d5580000)
  object space 484864K, 99% used [0x0000000080000000,0x000000009d91dbf8,0x000000009d980000)
 Metaspace       used 56988K, committed 58240K, reserved 1114112K
  class space    used 6050K, committed 6592K, reserved 1048576K
}
Event: 53.073 GC heap after
{Heap after GC invocations=556 (full 2):
 PSYoungGen      total 3072K, used 448K [0x00000000d5580000, 0x00000000d5a00000, 0x0000000100000000)
  eden space 2560K, 0% used [0x00000000d5580000,0x00000000d5580000,0x00000000d5800000)
  from space 512K, 87% used [0x00000000d5980000,0x00000000d59f0010,0x00000000d5a00000)
  to   space 512K, 0% used [0x00000000d5900000,0x00000000d5900000,0x00000000d5980000)
 ParOldGen       total 484864K, used 484710K [0x0000000080000000, 0x000000009d980000, 0x00000000d5580000)
  object space 484864K, 99% used [0x0000000080000000,0x000000009d959bf8,0x000000009d980000)
 Metaspace       used 56988K, committed 58240K, reserved 1114112K
  class space    used 6050K, committed 6592K, reserved 1048576K
}
Event: 53.098 GC heap before
{Heap before GC invocations=557 (full 2):
 PSYoungGen      total 3072K, used 3008K [0x00000000d5580000, 0x00000000d5a00000, 0x0000000100000000)
  eden space 2560K, 100% used [0x00000000d5580000,0x00000000d5800000,0x00000000d5800000)
  from space 512K, 87% used [0x00000000d5980000,0x00000000d59f0010,0x00000000d5a00000)
  to   space 512K, 0% used [0x00000000d5900000,0x00000000d5900000,0x00000000d5980000)
 ParOldGen       total 484864K, used 484710K [0x0000000080000000, 0x000000009d980000, 0x00000000d5580000)
  object space 484864K, 99% used [0x0000000080000000,0x000000009d959bf8,0x000000009d980000)
 Metaspace       used 56994K, committed 58240K, reserved 1114112K
  class space    used 6053K, committed 6592K, reserved 1048576K
}
Event: 53.100 GC heap after
{Heap after GC invocations=557 (full 2):
 PSYoungGen      total 3072K, used 352K [0x00000000d5580000, 0x00000000d5a00000, 0x0000000100000000)
  eden space 2560K, 0% used [0x00000000d5580000,0x00000000d5580000,0x00000000d5800000)
  from space 512K, 68% used [0x00000000d5900000,0x00000000d5958000,0x00000000d5980000)
  to   space 512K, 0% used [0x00000000d5980000,0x00000000d5980000,0x00000000d5a00000)
 ParOldGen       total 485376K, used 484958K [0x0000000080000000, 0x000000009da00000, 0x00000000d5580000)
  object space 485376K, 99% used [0x0000000080000000,0x000000009d997bf8,0x000000009da00000)
 Metaspace       used 56994K, committed 58240K, reserved 1114112K
  class space    used 6053K, committed 6592K, reserved 1048576K
}
Event: 53.122 GC heap before
{Heap before GC invocations=558 (full 2):
 PSYoungGen      total 3072K, used 2912K [0x00000000d5580000, 0x00000000d5a00000, 0x0000000100000000)
  eden space 2560K, 100% used [0x00000000d5580000,0x00000000d5800000,0x00000000d5800000)
  from space 512K, 68% used [0x00000000d5900000,0x00000000d5958000,0x00000000d5980000)
  to   space 512K, 0% used [0x00000000d5980000,0x00000000d5980000,0x00000000d5a00000)
 ParOldGen       total 485376K, used 484958K [0x0000000080000000, 0x000000009da00000, 0x00000000d5580000)
  object space 485376K, 99% used [0x0000000080000000,0x000000009d997bf8,0x000000009da00000)
 Metaspace       used 56999K, committed 58240K, reserved 1114112K
  class space    used 6055K, committed 6592K, reserved 1048576K
}
Event: 53.125 GC heap after
{Heap after GC invocations=558 (full 2):
 PSYoungGen      total 3072K, used 384K [0x00000000d5580000, 0x00000000d5a00000, 0x0000000100000000)
  eden space 2560K, 0% used [0x00000000d5580000,0x00000000d5580000,0x00000000d5800000)
  from space 512K, 75% used [0x00000000d5980000,0x00000000d59e0000,0x00000000d5a00000)
  to   space 512K, 0% used [0x00000000d5900000,0x00000000d5900000,0x00000000d5980000)
 ParOldGen       total 485376K, used 485214K [0x0000000080000000, 0x000000009da00000, 0x00000000d5580000)
  object space 485376K, 99% used [0x0000000080000000,0x000000009d9d7bf8,0x000000009da00000)
 Metaspace       used 56999K, committed 58240K, reserved 1114112K
  class space    used 6055K, committed 6592K, reserved 1048576K
}
Event: 53.146 GC heap before
{Heap before GC invocations=559 (full 2):
 PSYoungGen      total 3072K, used 2944K [0x00000000d5580000, 0x00000000d5a00000, 0x0000000100000000)
  eden space 2560K, 100% used [0x00000000d5580000,0x00000000d5800000,0x00000000d5800000)
  from space 512K, 75% used [0x00000000d5980000,0x00000000d59e0000,0x00000000d5a00000)
  to   space 512K, 0% used [0x00000000d5900000,0x00000000d5900000,0x00000000d5980000)
 ParOldGen       total 485376K, used 485214K [0x0000000080000000, 0x000000009da00000, 0x00000000d5580000)
  object space 485376K, 99% used [0x0000000080000000,0x000000009d9d7bf8,0x000000009da00000)
 Metaspace       used 57007K, committed 58240K, reserved 1114112K
  class space    used 6058K, committed 6592K, reserved 1048576K
}
Event: 53.152 GC heap after
{Heap after GC invocations=559 (full 2):
 PSYoungGen      total 3072K, used 416K [0x00000000d5580000, 0x00000000d5a00000, 0x0000000100000000)
  eden space 2560K, 0% used [0x00000000d5580000,0x00000000d5580000,0x00000000d5800000)
  from space 512K, 81% used [0x00000000d5900000,0x00000000d5968010,0x00000000d5980000)
  to   space 512K, 0% used [0x00000000d5980000,0x00000000d5980000,0x00000000d5a00000)
 ParOldGen       total 485888K, used 485478K [0x0000000080000000, 0x000000009da80000, 0x00000000d5580000)
  object space 485888K, 99% used [0x0000000080000000,0x000000009da19bf8,0x000000009da80000)
 Metaspace       used 57007K, committed 58240K, reserved 1114112K
  class space    used 6058K, committed 6592K, reserved 1048576K
}
Event: 53.185 GC heap before
{Heap before GC invocations=560 (full 2):
 PSYoungGen      total 3072K, used 2976K [0x00000000d5580000, 0x00000000d5a00000, 0x0000000100000000)
  eden space 2560K, 100% used [0x00000000d5580000,0x00000000d5800000,0x00000000d5800000)
  from space 512K, 81% used [0x00000000d5900000,0x00000000d5968010,0x00000000d5980000)
  to   space 512K, 0% used [0x00000000d5980000,0x00000000d5980000,0x00000000d5a00000)
 ParOldGen       total 485888K, used 485478K [0x0000000080000000, 0x000000009da80000, 0x00000000d5580000)
  object space 485888K, 99% used [0x0000000080000000,0x000000009da19bf8,0x000000009da80000)
 Metaspace       used 57018K, committed 58240K, reserved 1114112K
  class space    used 6061K, committed 6592K, reserved 1048576K
}
Event: 53.186 GC heap after
{Heap after GC invocations=560 (full 2):
 PSYoungGen      total 3072K, used 320K [0x00000000d5580000, 0x00000000d5a00000, 0x0000000100000000)
  eden space 2560K, 0% used [0x00000000d5580000,0x00000000d5580000,0x00000000d5800000)
  from space 512K, 62% used [0x00000000d5980000,0x00000000d59d0000,0x00000000d5a00000)
  to   space 512K, 0% used [0x00000000d5900000,0x00000000d5900000,0x00000000d5980000)
 ParOldGen       total 485888K, used 485686K [0x0000000080000000, 0x000000009da80000, 0x00000000d5580000)
  object space 485888K, 99% used [0x0000000080000000,0x000000009da4dbf8,0x000000009da80000)
 Metaspace       used 57018K, committed 58240K, reserved 1114112K
  class space    used 6061K, committed 6592K, reserved 1048576K
}
Event: 53.205 GC heap before
{Heap before GC invocations=561 (full 2):
 PSYoungGen      total 3072K, used 2880K [0x00000000d5580000, 0x00000000d5a00000, 0x0000000100000000)
  eden space 2560K, 100% used [0x00000000d5580000,0x00000000d5800000,0x00000000d5800000)
  from space 512K, 62% used [0x00000000d5980000,0x00000000d59d0000,0x00000000d5a00000)
  to   space 512K, 0% used [0x00000000d5900000,0x00000000d5900000,0x00000000d5980000)
 ParOldGen       total 485888K, used 485686K [0x0000000080000000, 0x000000009da80000, 0x00000000d5580000)
  object space 485888K, 99% used [0x0000000080000000,0x000000009da4dbf8,0x000000009da80000)
 Metaspace       used 57022K, committed 58240K, reserved 1114112K
  class space    used 6063K, committed 6592K, reserved 1048576K
}

